{"C:\\Users\\Nick\\Classes\\_portfolio\\food-tracker\\server\\src\\app.ts": {"path":"C:\\Users\\Nick\\Classes\\_portfolio\\food-tracker\\server\\src\\app.ts","statementMap":{"0":{"start":{"line":1,"column":0},"end":{"line":1,"column":31}},"1":{"start":{"line":6,"column":0},"end":{"line":6,"column":67}},"2":{"start":{"line":7,"column":0},"end":{"line":7,"column":24}},"3":{"start":{"line":9,"column":0},"end":{"line":9,"column":44}},"4":{"start":{"line":10,"column":0},"end":{"line":10,"column":52}},"5":{"start":{"line":11,"column":0},"end":{"line":11,"column":64}},"6":{"start":{"line":12,"column":0},"end":{"line":12,"column":40}},"7":{"start":{"line":13,"column":0},"end":{"line":13,"column":44}},"8":{"start":{"line":14,"column":0},"end":{"line":14,"column":48}},"9":{"start":{"line":16,"column":12},"end":{"line":16,"column":21}},"10":{"start":{"line":18,"column":0},"end":{"line":18,"column":24}},"11":{"start":{"line":19,"column":0},"end":{"line":19,"column":16}},"12":{"start":{"line":20,"column":0},"end":{"line":20,"column":36}},"13":{"start":{"line":21,"column":0},"end":{"line":21,"column":44}},"14":{"start":{"line":22,"column":0},"end":{"line":22,"column":36}},"15":{"start":{"line":23,"column":0},"end":{"line":23,"column":40}},"16":{"start":{"line":25,"column":0},"end":{"line":27,"column":3}},"17":{"start":{"line":26,"column":2},"end":{"line":26,"column":75}},"18":{"start":{"line":29,"column":0},"end":{"line":29,"column":28}},"19":{"start":{"line":31,"column":0},"end":{"line":31,"column":19}}},"fnMap":{"0":{"name":"(anonymous_1)","decl":{"start":{"line":25,"column":13},"end":{"line":25,"column":14}},"loc":{"start":{"line":25,"column":65},"end":{"line":27,"column":1}}}},"branchMap":{},"s":{"0":1,"1":1,"2":1,"3":1,"4":1,"5":1,"6":1,"7":1,"8":1,"9":1,"10":1,"11":1,"12":1,"13":1,"14":1,"15":1,"16":1,"17":0,"18":1,"19":1},"f":{"0":0},"b":{}}
,"C:\\Users\\Nick\\Classes\\_portfolio\\food-tracker\\server\\src\\server.ts": {"path":"C:\\Users\\Nick\\Classes\\_portfolio\\food-tracker\\server\\src\\server.ts","statementMap":{"0":{"start":{"line":1,"column":0},"end":{"line":1,"column":31}},"1":{"start":{"line":4,"column":0},"end":{"line":4,"column":28}},"2":{"start":{"line":5,"column":0},"end":{"line":5,"column":73}},"3":{"start":{"line":7,"column":0},"end":{"line":7,"column":24}},"4":{"start":{"line":9,"column":13},"end":{"line":9,"column":29}},"5":{"start":{"line":11,"column":0},"end":{"line":13,"column":3}},"6":{"start":{"line":12,"column":2},"end":{"line":12,"column":78}}},"fnMap":{"0":{"name":"(anonymous_1)","decl":{"start":{"line":11,"column":17},"end":{"line":11,"column":20}},"loc":{"start":{"line":11,"column":22},"end":{"line":13,"column":1}}}},"branchMap":{"0":{"loc":{"start":{"line":5,"column":30},"end":{"line":5,"column":67}},"type":"binary-expr","locations":[{"start":{"line":5,"column":30},"end":{"line":5,"column":50}},{"start":{"line":5,"column":54},"end":{"line":5,"column":67}}]}},"s":{"0":0,"1":0,"2":0,"3":0,"4":0,"5":0,"6":0},"f":{"0":0},"b":{"0":[0,0]}}
,"C:\\Users\\Nick\\Classes\\_portfolio\\food-tracker\\server\\src\\controllers\\error.controller.ts": {"path":"C:\\Users\\Nick\\Classes\\_portfolio\\food-tracker\\server\\src\\controllers\\error.controller.ts","statementMap":{"0":{"start":{"line":2,"column":0},"end":{"line":2,"column":41}},"1":{"start":{"line":4,"column":21},"end":{"line":11,"column":1}},"2":{"start":{"line":5,"column":2},"end":{"line":10,"column":5}},"3":{"start":{"line":13,"column":22},"end":{"line":30,"column":1}},"4":{"start":{"line":15,"column":2},"end":{"line":29,"column":null}},"5":{"start":{"line":16,"column":4},"end":{"line":19,"column":7}},"6":{"start":{"line":23,"column":4},"end":{"line":23,"column":33}},"7":{"start":{"line":25,"column":4},"end":{"line":28,"column":7}},"8":{"start":{"line":32,"column":34},"end":{"line":41,"column":1}},"9":{"start":{"line":33,"column":28},"end":{"line":33,"column":58}},"10":{"start":{"line":34,"column":14},"end":{"line":34,"column":45}},"11":{"start":{"line":35,"column":16},"end":{"line":35,"column":59}},"12":{"start":{"line":37,"column":2},"end":{"line":40,"column":4}},"13":{"start":{"line":44,"column":27},"end":{"line":70,"column":1}},"14":{"start":{"line":50,"column":2},"end":{"line":50,"column":41}},"15":{"start":{"line":51,"column":2},"end":{"line":51,"column":37}},"16":{"start":{"line":53,"column":2},"end":{"line":69,"column":null}},"17":{"start":{"line":54,"column":4},"end":{"line":54,"column":27}},"18":{"start":{"line":55,"column":9},"end":{"line":69,"column":null}},"19":{"start":{"line":56,"column":13},"end":{"line":56,"column":26}},"20":{"start":{"line":60,"column":4},"end":{"line":60,"column":78}},"21":{"start":{"line":60,"column":30},"end":{"line":60,"column":78}},"22":{"start":{"line":68,"column":4},"end":{"line":68,"column":30}},"23":{"start":{"line":72,"column":0},"end":{"line":72,"column":34}}},"fnMap":{"0":{"name":"(anonymous_1)","decl":{"start":{"line":4,"column":21},"end":{"line":4,"column":22}},"loc":{"start":{"line":4,"column":54},"end":{"line":11,"column":1}}},"1":{"name":"(anonymous_2)","decl":{"start":{"line":13,"column":22},"end":{"line":13,"column":23}},"loc":{"start":{"line":13,"column":55},"end":{"line":30,"column":1}}},"2":{"name":"(anonymous_3)","decl":{"start":{"line":32,"column":34},"end":{"line":32,"column":35}},"loc":{"start":{"line":32,"column":57},"end":{"line":41,"column":1}}},"3":{"name":"(anonymous_4)","decl":{"start":{"line":44,"column":27},"end":{"line":44,"column":null}},"loc":{"start":{"line":49,"column":4},"end":{"line":70,"column":1}}}},"branchMap":{"0":{"loc":{"start":{"line":15,"column":2},"end":{"line":29,"column":null}},"type":"if","locations":[{"start":{"line":15,"column":2},"end":{"line":29,"column":null}},{"start":{"line":21,"column":9},"end":{"line":29,"column":null}}]},"1":{"loc":{"start":{"line":33,"column":28},"end":{"line":33,"column":58}},"type":"binary-expr","locations":[{"start":{"line":33,"column":28},"end":{"line":33,"column":52}},{"start":{"line":33,"column":56},"end":{"line":33,"column":58}}]},"2":{"loc":{"start":{"line":33,"column":28},"end":{"line":33,"column":52}},"type":"cond-expr","locations":[{"start":{"line":33,"column":38},"end":{"line":33,"column":40}},{"start":{"line":33,"column":38},"end":{"line":33,"column":52}}]},"3":{"loc":{"start":{"line":33,"column":28},"end":{"line":33,"column":40}},"type":"binary-expr","locations":[{"start":{"line":33,"column":28},"end":{"line":33,"column":40}},{"start":{"line":33,"column":38},"end":{"line":33,"column":40}}]},"4":{"loc":{"start":{"line":50,"column":19},"end":{"line":50,"column":40}},"type":"binary-expr","locations":[{"start":{"line":50,"column":19},"end":{"line":50,"column":33}},{"start":{"line":50,"column":37},"end":{"line":50,"column":40}}]},"5":{"loc":{"start":{"line":51,"column":15},"end":{"line":51,"column":36}},"type":"binary-expr","locations":[{"start":{"line":51,"column":15},"end":{"line":51,"column":25}},{"start":{"line":51,"column":29},"end":{"line":51,"column":36}}]},"6":{"loc":{"start":{"line":53,"column":2},"end":{"line":69,"column":null}},"type":"if","locations":[{"start":{"line":53,"column":2},"end":{"line":69,"column":null}},{"start":{"line":55,"column":9},"end":{"line":69,"column":null}}]},"7":{"loc":{"start":{"line":55,"column":9},"end":{"line":69,"column":null}},"type":"if","locations":[{"start":{"line":55,"column":9},"end":{"line":69,"column":null}}]},"8":{"loc":{"start":{"line":60,"column":4},"end":{"line":60,"column":78}},"type":"if","locations":[{"start":{"line":60,"column":4},"end":{"line":60,"column":78}}]}},"s":{"0":1,"1":1,"2":0,"3":1,"4":0,"5":0,"6":0,"7":0,"8":1,"9":0,"10":0,"11":0,"12":0,"13":1,"14":0,"15":0,"16":0,"17":0,"18":0,"19":0,"20":0,"21":0,"22":0,"23":1},"f":{"0":0,"1":0,"2":0,"3":0},"b":{"0":[0,0],"1":[0,0],"2":[0,0],"3":[0,0],"4":[0,0],"5":[0,0],"6":[0,0],"7":[0],"8":[0]}}
,"C:\\Users\\Nick\\Classes\\_portfolio\\food-tracker\\server\\src\\repository\\queries\\reaction\\index.ts": {"path":"C:\\Users\\Nick\\Classes\\_portfolio\\food-tracker\\server\\src\\repository\\queries\\reaction\\index.ts","statementMap":{"0":{"start":{"line":1,"column":0},"end":{"line":1,"column":7}},"1":{"start":{"line":16,"column":2},"end":{"line":1,"column":46}},"2":{"start":{"line":2,"column":0},"end":{"line":2,"column":7}},"3":{"start":{"line":17,"column":2},"end":{"line":2,"column":84}},"4":{"start":{"line":3,"column":0},"end":{"line":3,"column":7}},"5":{"start":{"line":18,"column":2},"end":{"line":3,"column":56}},"6":{"start":{"line":4,"column":0},"end":{"line":4,"column":7}},"7":{"start":{"line":19,"column":2},"end":{"line":4,"column":68}},"8":{"start":{"line":5,"column":0},"end":{"line":5,"column":7}},"9":{"start":{"line":20,"column":2},"end":{"line":5,"column":66}},"10":{"start":{"line":6,"column":0},"end":{"line":6,"column":7}},"11":{"start":{"line":21,"column":2},"end":{"line":6,"column":56}},"12":{"start":{"line":7,"column":0},"end":{"line":7,"column":7}},"13":{"start":{"line":22,"column":2},"end":{"line":7,"column":82}},"14":{"start":{"line":8,"column":0},"end":{"line":8,"column":7}},"15":{"start":{"line":23,"column":2},"end":{"line":8,"column":66}},"16":{"start":{"line":9,"column":0},"end":{"line":9,"column":7}},"17":{"start":{"line":24,"column":2},"end":{"line":9,"column":76}},"18":{"start":{"line":10,"column":0},"end":{"line":10,"column":7}},"19":{"start":{"line":25,"column":2},"end":{"line":10,"column":54}},"20":{"start":{"line":11,"column":0},"end":{"line":11,"column":7}},"21":{"start":{"line":26,"column":2},"end":{"line":11,"column":62}},"22":{"start":{"line":12,"column":0},"end":{"line":12,"column":7}},"23":{"start":{"line":27,"column":2},"end":{"line":12,"column":58}},"24":{"start":{"line":13,"column":0},"end":{"line":13,"column":7}},"25":{"start":{"line":28,"column":2},"end":{"line":13,"column":46}}},"fnMap":{},"branchMap":{},"s":{"0":1,"1":1,"2":1,"3":1,"4":1,"5":1,"6":1,"7":1,"8":1,"9":1,"10":1,"11":1,"12":1,"13":1,"14":1,"15":1,"16":1,"17":1,"18":1,"19":1,"20":1,"21":1,"22":1,"23":1,"24":1,"25":1},"f":{},"b":{}}
,"C:\\Users\\Nick\\Classes\\_portfolio\\food-tracker\\server\\src\\utils\\appError.ts": {"path":"C:\\Users\\Nick\\Classes\\_portfolio\\food-tracker\\server\\src\\utils\\appError.ts","statementMap":{"0":{"start":{"line":10,"column":4},"end":{"line":10,"column":19}},"1":{"start":{"line":11,"column":4},"end":{"line":11,"column":33}},"2":{"start":{"line":12,"column":4},"end":{"line":12,"column":69}},"3":{"start":{"line":13,"column":4},"end":{"line":13,"column":30}},"4":{"start":{"line":14,"column":4},"end":{"line":14,"column":52}},"5":{"start":{"line":18,"column":0},"end":{"line":18,"column":24}}},"fnMap":{"0":{"name":"(anonymous_0)","decl":{"start":{"line":9,"column":2},"end":{"line":9,"column":14}},"loc":{"start":{"line":9,"column":49},"end":{"line":15,"column":3}}}},"branchMap":{"0":{"loc":{"start":{"line":12,"column":18},"end":{"line":12,"column":68}},"type":"cond-expr","locations":[{"start":{"line":12,"column":52},"end":{"line":12,"column":58}},{"start":{"line":12,"column":61},"end":{"line":12,"column":68}}]}},"s":{"0":0,"1":0,"2":0,"3":0,"4":0,"5":1},"f":{"0":0},"b":{"0":[0,0]}}
}
